nam: 2to1.nam of Sat Oct 19 20:53:22 2019

   |0        ->  0||      
   1         ->  0|       
   0         ->           

1001
--------------------------------------------------------------------------------
[ 1         ->  0|        ]  "0|001"
[ |0        ->  0||       ]  "00||01"
[ |0        ->  0||       ]  "00|0||1"
[ |0        ->  0||       ]  "000||||1"
[ 1         ->  0|        ]  "000||||0|"
[ |0        ->  0||       ]  "000|||0|||"
[ |0        ->  0||       ]  "000||0|||||"
[ |0        ->  0||       ]  "000|0|||||||"
[ |0        ->  0||       ]  "0000|||||||||"
[ 0         ->            ]  "000|||||||||"
[ 0         ->            ]  "00|||||||||"
[ 0         ->            ]  "0|||||||||"
[ 0         ->            ]  "|||||||||"
--------------------------------------------------------------------------------

