nam: Sum2c.nam of Sat Oct 19 21:04:05 2019

   b1        ->  1b       
   b0        ->  0b       
   a+b       ->.          
   1b        ->  0        
   0b        ->  c1       
   0c        ->  c1       
   1c        ->  0        
   +0        ->  +        
   0a        ->  1        
   01a       ->  10       
   11a       ->  1a0      
   1a        ->  10       
   +         ->  a+b      

101+111
--------------------------------------------------------------------------------
[ +         ->  a+b       ]  "101a+b111"
[ b1        ->  1b        ]  "101a+1b11"
[ b1        ->  1b        ]  "101a+11b1"
[ b1        ->  1b        ]  "101a+111b"
[ 1b        ->  0         ]  "101a+110"
[ 01a       ->  10        ]  "110+110"
[ +         ->  a+b       ]  "110a+b110"
[ b1        ->  1b        ]  "110a+1b10"
[ b1        ->  1b        ]  "110a+11b0"
[ b0        ->  0b        ]  "110a+110b"
[ 0b        ->  c1        ]  "110a+11c1"
[ 1c        ->  0         ]  "110a+101"
[ 0a        ->  1         ]  "111+101"
[ +         ->  a+b       ]  "111a+b101"
[ b1        ->  1b        ]  "111a+1b01"
[ b0        ->  0b        ]  "111a+10b1"
[ b1        ->  1b        ]  "111a+101b"
[ 1b        ->  0         ]  "111a+100"
[ 11a       ->  1a0       ]  "11a0+100"
[ 11a       ->  1a0       ]  "1a00+100"
[ 1a        ->  10        ]  "1000+100"
[ +         ->  a+b       ]  "1000a+b100"
[ b1        ->  1b        ]  "1000a+1b00"
[ b0        ->  0b        ]  "1000a+10b0"
[ b0        ->  0b        ]  "1000a+100b"
[ 0b        ->  c1        ]  "1000a+10c1"
[ 0c        ->  c1        ]  "1000a+1c11"
[ 1c        ->  0         ]  "1000a+011"
[ +0        ->  +         ]  "1000a+11"
[ 0a        ->  1         ]  "1001+11"
[ +         ->  a+b       ]  "1001a+b11"
[ b1        ->  1b        ]  "1001a+1b1"
[ b1        ->  1b        ]  "1001a+11b"
[ 1b        ->  0         ]  "1001a+10"
[ 01a       ->  10        ]  "1010+10"
[ +         ->  a+b       ]  "1010a+b10"
[ b1        ->  1b        ]  "1010a+1b0"
[ b0        ->  0b        ]  "1010a+10b"
[ 0b        ->  c1        ]  "1010a+1c1"
[ 1c        ->  0         ]  "1010a+01"
[ +0        ->  +         ]  "1010a+1"
[ 0a        ->  1         ]  "1011+1"
[ +         ->  a+b       ]  "1011a+b1"
[ b1        ->  1b        ]  "1011a+1b"
[ 1b        ->  0         ]  "1011a+0"
[ +0        ->  +         ]  "1011a+"
[ 11a       ->  1a0       ]  "101a0+"
[ 01a       ->  10        ]  "1100+"
[ +         ->  a+b       ]  "1100a+b"
[ a+b       ->.           ]  "1100"
--------------------------------------------------------------------------------

