nam: revers.nam of Tue Oct 22 16:12:23 2019

   *A        ->  A*       
   *         ->  !        
   A>B       ->  BA>      
   A>        ->  A        
   A!        ->  A>!      
   !         ->.          
             ->  *        

abcd
--------------------------------------------------------------------------------
[           ->  *         ]  "*abcd"
[ *A        ->  A*        ]  "a*bcd"
[ *A        ->  A*        ]  "ab*cd"
[ *A        ->  A*        ]  "abc*d"
[ *A        ->  A*        ]  "abcd*"
[ *         ->  !         ]  "abcd!"
[ A!        ->  A>!       ]  "abcd>!"
[ A>B       ->  BA>       ]  "abc!d>"
[ A>        ->  A         ]  "abc!d"
[ A!        ->  A>!       ]  "abc>!d"
[ A>B       ->  BA>       ]  "ab!c>d"
[ A>B       ->  BA>       ]  "ab!dc>"
[ A>        ->  A         ]  "ab!dc"
[ A!        ->  A>!       ]  "ab>!dc"
[ A>B       ->  BA>       ]  "a!b>dc"
[ A>B       ->  BA>       ]  "a!db>c"
[ A>B       ->  BA>       ]  "a!dcb>"
[ A>        ->  A         ]  "a!dcb"
[ A!        ->  A>!       ]  "a>!dcb"
[ A>B       ->  BA>       ]  "!a>dcb"
[ A>B       ->  BA>       ]  "!da>cb"
[ A>B       ->  BA>       ]  "!dca>b"
[ A>B       ->  BA>       ]  "!dcba>"
[ A>        ->  A         ]  "!dcba"
[ !         ->.           ]  "dcba"
--------------------------------------------------------------------------------

ac
--------------------------------------------------------------------------------
[           ->  *         ]  "*ac"
[ *A        ->  A*        ]  "a*c"
[ *A        ->  A*        ]  "ac*"
[ *         ->  !         ]  "ac!"
[ A!        ->  A>!       ]  "ac>!"
[ A>B       ->  BA>       ]  "a!c>"
[ A>        ->  A         ]  "a!c"
[ A!        ->  A>!       ]  "a>!c"
[ A>B       ->  BA>       ]  "!a>c"
[ A>B       ->  BA>       ]  "!ca>"
[ A>        ->  A         ]  "!ca"
[ !         ->.           ]  "ca"
--------------------------------------------------------------------------------

