nam: Copy.nam of Wed Nov  3 22:22:48 2021

   *a        ->  aA*      
   *b        ->  bB*      
   *         ->  =        
   Aa        ->  aA       
   Ab        ->  bA       
   Ba        ->  aB       
   Bb        ->  bB       
   A=        ->  =a       
   B=        ->  =b       
   =         ->. =        
             ->  *        

aaaaaaaabbbbba
--------------------------------------------------------------------------------
[           ->  *         ]  "*aaaaaaaabbbbba"
[ *a        ->  aA*       ]  "aA*aaaaaaabbbbba"
[ *a        ->  aA*       ]  "aAaA*aaaaaabbbbba"
[ *a        ->  aA*       ]  "aAaAaA*aaaaabbbbba"
[ *a        ->  aA*       ]  "aAaAaAaA*aaaabbbbba"
[ *a        ->  aA*       ]  "aAaAaAaAaA*aaabbbbba"
[ *a        ->  aA*       ]  "aAaAaAaAaAaA*aabbbbba"
[ *a        ->  aA*       ]  "aAaAaAaAaAaAaA*abbbbba"
[ *a        ->  aA*       ]  "aAaAaAaAaAaAaAaA*bbbbba"
[ *b        ->  bB*       ]  "aAaAaAaAaAaAaAaAbB*bbbba"
[ *b        ->  bB*       ]  "aAaAaAaAaAaAaAaAbBbB*bbba"
[ *b        ->  bB*       ]  "aAaAaAaAaAaAaAaAbBbBbB*bba"
[ *b        ->  bB*       ]  "aAaAaAaAaAaAaAaAbBbBbBbB*ba"
[ *b        ->  bB*       ]  "aAaAaAaAaAaAaAaAbBbBbBbBbB*a"
[ *a        ->  aA*       ]  "aAaAaAaAaAaAaAaAbBbBbBbBbBaA*"
[ *         ->  =         ]  "aAaAaAaAaAaAaAaAbBbBbBbBbBaA="
[ Aa        ->  aA        ]  "aaAAaAaAaAaAaAaAbBbBbBbBbBaA="
[ Aa        ->  aA        ]  "aaAaAAaAaAaAaAaAbBbBbBbBbBaA="
[ Aa        ->  aA        ]  "aaaAAAaAaAaAaAaAbBbBbBbBbBaA="
[ Aa        ->  aA        ]  "aaaAAaAAaAaAaAaAbBbBbBbBbBaA="
[ Aa        ->  aA        ]  "aaaAaAAAaAaAaAaAbBbBbBbBbBaA="
[ Aa        ->  aA        ]  "aaaaAAAAaAaAaAaAbBbBbBbBbBaA="
[ Aa        ->  aA        ]  "aaaaAAAaAAaAaAaAbBbBbBbBbBaA="
[ Aa        ->  aA        ]  "aaaaAAaAAAaAaAaAbBbBbBbBbBaA="
[ Aa        ->  aA        ]  "aaaaAaAAAAaAaAaAbBbBbBbBbBaA="
[ Aa        ->  aA        ]  "aaaaaAAAAAaAaAaAbBbBbBbBbBaA="
[ Aa        ->  aA        ]  "aaaaaAAAAaAAaAaAbBbBbBbBbBaA="
[ Aa        ->  aA        ]  "aaaaaAAAaAAAaAaAbBbBbBbBbBaA="
[ Aa        ->  aA        ]  "aaaaaAAaAAAAaAaAbBbBbBbBbBaA="
[ Aa        ->  aA        ]  "aaaaaAaAAAAAaAaAbBbBbBbBbBaA="
[ Aa        ->  aA        ]  "aaaaaaAAAAAAaAaAbBbBbBbBbBaA="
[ Aa        ->  aA        ]  "aaaaaaAAAAAaAAaAbBbBbBbBbBaA="
[ Aa        ->  aA        ]  "aaaaaaAAAAaAAAaAbBbBbBbBbBaA="
[ Aa        ->  aA        ]  "aaaaaaAAAaAAAAaAbBbBbBbBbBaA="
[ Aa        ->  aA        ]  "aaaaaaAAaAAAAAaAbBbBbBbBbBaA="
[ Aa        ->  aA        ]  "aaaaaaAaAAAAAAaAbBbBbBbBbBaA="
[ Aa        ->  aA        ]  "aaaaaaaAAAAAAAaAbBbBbBbBbBaA="
[ Aa        ->  aA        ]  "aaaaaaaAAAAAAaAAbBbBbBbBbBaA="
[ Aa        ->  aA        ]  "aaaaaaaAAAAAaAAAbBbBbBbBbBaA="
[ Aa        ->  aA        ]  "aaaaaaaAAAAaAAAAbBbBbBbBbBaA="
[ Aa        ->  aA        ]  "aaaaaaaAAAaAAAAAbBbBbBbBbBaA="
[ Aa        ->  aA        ]  "aaaaaaaAAaAAAAAAbBbBbBbBbBaA="
[ Aa        ->  aA        ]  "aaaaaaaAaAAAAAAAbBbBbBbBbBaA="
[ Aa        ->  aA        ]  "aaaaaaaaAAAAAAAAbBbBbBbBbBaA="
[ Ab        ->  bA        ]  "aaaaaaaaAAAAAAAbABbBbBbBbBaA="
[ Ab        ->  bA        ]  "aaaaaaaaAAAAAAbAABbBbBbBbBaA="
[ Ab        ->  bA        ]  "aaaaaaaaAAAAAbAAABbBbBbBbBaA="
[ Ab        ->  bA        ]  "aaaaaaaaAAAAbAAAABbBbBbBbBaA="
[ Ab        ->  bA        ]  "aaaaaaaaAAAbAAAAABbBbBbBbBaA="
[ Ab        ->  bA        ]  "aaaaaaaaAAbAAAAAABbBbBbBbBaA="
[ Ab        ->  bA        ]  "aaaaaaaaAbAAAAAAABbBbBbBbBaA="
[ Ab        ->  bA        ]  "aaaaaaaabAAAAAAAABbBbBbBbBaA="
[ Ba        ->  aB        ]  "aaaaaaaabAAAAAAAABbBbBbBbaBA="
[ Bb        ->  bB        ]  "aaaaaaaabAAAAAAAAbBBbBbBbaBA="
[ Ab        ->  bA        ]  "aaaaaaaabAAAAAAAbABBbBbBbaBA="
[ Ab        ->  bA        ]  "aaaaaaaabAAAAAAbAABBbBbBbaBA="
[ Ab        ->  bA        ]  "aaaaaaaabAAAAAbAAABBbBbBbaBA="
[ Ab        ->  bA        ]  "aaaaaaaabAAAAbAAAABBbBbBbaBA="
[ Ab        ->  bA        ]  "aaaaaaaabAAAbAAAAABBbBbBbaBA="
[ Ab        ->  bA        ]  "aaaaaaaabAAbAAAAAABBbBbBbaBA="
[ Ab        ->  bA        ]  "aaaaaaaabAbAAAAAAABBbBbBbaBA="
[ Ab        ->  bA        ]  "aaaaaaaabbAAAAAAAABBbBbBbaBA="
[ Bb        ->  bB        ]  "aaaaaaaabbAAAAAAAABbBBbBbaBA="
[ Bb        ->  bB        ]  "aaaaaaaabbAAAAAAAAbBBBbBbaBA="
[ Ab        ->  bA        ]  "aaaaaaaabbAAAAAAAbABBBbBbaBA="
[ Ab        ->  bA        ]  "aaaaaaaabbAAAAAAbAABBBbBbaBA="
[ Ab        ->  bA        ]  "aaaaaaaabbAAAAAbAAABBBbBbaBA="
[ Ab        ->  bA        ]  "aaaaaaaabbAAAAbAAAABBBbBbaBA="
[ Ab        ->  bA        ]  "aaaaaaaabbAAAbAAAAABBBbBbaBA="
[ Ab        ->  bA        ]  "aaaaaaaabbAAbAAAAAABBBbBbaBA="
[ Ab        ->  bA        ]  "aaaaaaaabbAbAAAAAAABBBbBbaBA="
[ Ab        ->  bA        ]  "aaaaaaaabbbAAAAAAAABBBbBbaBA="
[ Bb        ->  bB        ]  "aaaaaaaabbbAAAAAAAABBbBBbaBA="
[ Bb        ->  bB        ]  "aaaaaaaabbbAAAAAAAABbBBBbaBA="
[ Bb        ->  bB        ]  "aaaaaaaabbbAAAAAAAAbBBBBbaBA="
[ Ab        ->  bA        ]  "aaaaaaaabbbAAAAAAAbABBBBbaBA="
[ Ab        ->  bA        ]  "aaaaaaaabbbAAAAAAbAABBBBbaBA="
[ Ab        ->  bA        ]  "aaaaaaaabbbAAAAAbAAABBBBbaBA="
[ Ab        ->  bA        ]  "aaaaaaaabbbAAAAbAAAABBBBbaBA="
[ Ab        ->  bA        ]  "aaaaaaaabbbAAAbAAAAABBBBbaBA="
[ Ab        ->  bA        ]  "aaaaaaaabbbAAbAAAAAABBBBbaBA="
[ Ab        ->  bA        ]  "aaaaaaaabbbAbAAAAAAABBBBbaBA="
[ Ab        ->  bA        ]  "aaaaaaaabbbbAAAAAAAABBBBbaBA="
[ Bb        ->  bB        ]  "aaaaaaaabbbbAAAAAAAABBBbBaBA="
[ Ba        ->  aB        ]  "aaaaaaaabbbbAAAAAAAABBBbaBBA="
[ Bb        ->  bB        ]  "aaaaaaaabbbbAAAAAAAABBbBaBBA="
[ Ba        ->  aB        ]  "aaaaaaaabbbbAAAAAAAABBbaBBBA="
[ Bb        ->  bB        ]  "aaaaaaaabbbbAAAAAAAABbBaBBBA="
[ Ba        ->  aB        ]  "aaaaaaaabbbbAAAAAAAABbaBBBBA="
[ Bb        ->  bB        ]  "aaaaaaaabbbbAAAAAAAAbBaBBBBA="
[ Ab        ->  bA        ]  "aaaaaaaabbbbAAAAAAAbABaBBBBA="
[ Ab        ->  bA        ]  "aaaaaaaabbbbAAAAAAbAABaBBBBA="
[ Ab        ->  bA        ]  "aaaaaaaabbbbAAAAAbAAABaBBBBA="
[ Ab        ->  bA        ]  "aaaaaaaabbbbAAAAbAAAABaBBBBA="
[ Ab        ->  bA        ]  "aaaaaaaabbbbAAAbAAAAABaBBBBA="
[ Ab        ->  bA        ]  "aaaaaaaabbbbAAbAAAAAABaBBBBA="
[ Ab        ->  bA        ]  "aaaaaaaabbbbAbAAAAAAABaBBBBA="
[ Ab        ->  bA        ]  "aaaaaaaabbbbbAAAAAAAABaBBBBA="
[ Ba        ->  aB        ]  "aaaaaaaabbbbbAAAAAAAAaBBBBBA="
[ Aa        ->  aA        ]  "aaaaaaaabbbbbAAAAAAAaABBBBBA="
[ Aa        ->  aA        ]  "aaaaaaaabbbbbAAAAAAaAABBBBBA="
[ Aa        ->  aA        ]  "aaaaaaaabbbbbAAAAAaAAABBBBBA="
[ Aa        ->  aA        ]  "aaaaaaaabbbbbAAAAaAAAABBBBBA="
[ Aa        ->  aA        ]  "aaaaaaaabbbbbAAAaAAAAABBBBBA="
[ Aa        ->  aA        ]  "aaaaaaaabbbbbAAaAAAAAABBBBBA="
[ Aa        ->  aA        ]  "aaaaaaaabbbbbAaAAAAAAABBBBBA="
[ Aa        ->  aA        ]  "aaaaaaaabbbbbaAAAAAAAABBBBBA="
[ A=        ->  =a        ]  "aaaaaaaabbbbbaAAAAAAAABBBBB=a"
[ B=        ->  =b        ]  "aaaaaaaabbbbbaAAAAAAAABBBB=ba"
[ B=        ->  =b        ]  "aaaaaaaabbbbbaAAAAAAAABBB=bba"
[ B=        ->  =b        ]  "aaaaaaaabbbbbaAAAAAAAABB=bbba"
[ B=        ->  =b        ]  "aaaaaaaabbbbbaAAAAAAAAB=bbbba"
[ B=        ->  =b        ]  "aaaaaaaabbbbbaAAAAAAAA=bbbbba"
[ A=        ->  =a        ]  "aaaaaaaabbbbbaAAAAAAA=abbbbba"
[ A=        ->  =a        ]  "aaaaaaaabbbbbaAAAAAA=aabbbbba"
[ A=        ->  =a        ]  "aaaaaaaabbbbbaAAAAA=aaabbbbba"
[ A=        ->  =a        ]  "aaaaaaaabbbbbaAAAA=aaaabbbbba"
[ A=        ->  =a        ]  "aaaaaaaabbbbbaAAA=aaaaabbbbba"
[ A=        ->  =a        ]  "aaaaaaaabbbbbaAA=aaaaaabbbbba"
[ A=        ->  =a        ]  "aaaaaaaabbbbbaA=aaaaaaabbbbba"
[ A=        ->  =a        ]  "aaaaaaaabbbbba=aaaaaaaabbbbba"
[ =         ->. =         ]  "aaaaaaaabbbbba=aaaaaaaabbbbba"
--------------------------------------------------------------------------------

aaaaaaa
--------------------------------------------------------------------------------
[           ->  *         ]  "*aaaaaaa"
[ *a        ->  aA*       ]  "aA*aaaaaa"
[ *a        ->  aA*       ]  "aAaA*aaaaa"
[ *a        ->  aA*       ]  "aAaAaA*aaaa"
[ *a        ->  aA*       ]  "aAaAaAaA*aaa"
[ *a        ->  aA*       ]  "aAaAaAaAaA*aa"
[ *a        ->  aA*       ]  "aAaAaAaAaAaA*a"
[ *a        ->  aA*       ]  "aAaAaAaAaAaAaA*"
[ *         ->  =         ]  "aAaAaAaAaAaAaA="
[ Aa        ->  aA        ]  "aaAAaAaAaAaAaA="
[ Aa        ->  aA        ]  "aaAaAAaAaAaAaA="
[ Aa        ->  aA        ]  "aaaAAAaAaAaAaA="
[ Aa        ->  aA        ]  "aaaAAaAAaAaAaA="
[ Aa        ->  aA        ]  "aaaAaAAAaAaAaA="
[ Aa        ->  aA        ]  "aaaaAAAAaAaAaA="
[ Aa        ->  aA        ]  "aaaaAAAaAAaAaA="
[ Aa        ->  aA        ]  "aaaaAAaAAAaAaA="
[ Aa        ->  aA        ]  "aaaaAaAAAAaAaA="
[ Aa        ->  aA        ]  "aaaaaAAAAAaAaA="
[ Aa        ->  aA        ]  "aaaaaAAAAaAAaA="
[ Aa        ->  aA        ]  "aaaaaAAAaAAAaA="
[ Aa        ->  aA        ]  "aaaaaAAaAAAAaA="
[ Aa        ->  aA        ]  "aaaaaAaAAAAAaA="
[ Aa        ->  aA        ]  "aaaaaaAAAAAAaA="
[ Aa        ->  aA        ]  "aaaaaaAAAAAaAA="
[ Aa        ->  aA        ]  "aaaaaaAAAAaAAA="
[ Aa        ->  aA        ]  "aaaaaaAAAaAAAA="
[ Aa        ->  aA        ]  "aaaaaaAAaAAAAA="
[ Aa        ->  aA        ]  "aaaaaaAaAAAAAA="
[ Aa        ->  aA        ]  "aaaaaaaAAAAAAA="
[ A=        ->  =a        ]  "aaaaaaaAAAAAA=a"
[ A=        ->  =a        ]  "aaaaaaaAAAAA=aa"
[ A=        ->  =a        ]  "aaaaaaaAAAA=aaa"
[ A=        ->  =a        ]  "aaaaaaaAAA=aaaa"
[ A=        ->  =a        ]  "aaaaaaaAA=aaaaa"
[ A=        ->  =a        ]  "aaaaaaaA=aaaaaa"
[ A=        ->  =a        ]  "aaaaaaa=aaaaaaa"
[ =         ->. =         ]  "aaaaaaa=aaaaaaa"
--------------------------------------------------------------------------------

