nam: lab7.nam of Thu Nov  4 01:18:23 2021

   *1        ->  1*       
   *2        ->  2*       
   *0        ->  0*       
   *         ->  #        
   1#        ->. 0        
   2#        ->. 1        
   0#        ->  #2       
             ->  *        

1001
--------------------------------------------------------------------------------
[           ->  *         ]  "*1001"
[ *1        ->  1*        ]  "1*001"
[ *0        ->  0*        ]  "10*01"
[ *0        ->  0*        ]  "100*1"
[ *1        ->  1*        ]  "1001*"
[ *         ->  #         ]  "1001#"
[ 1#        ->. 0         ]  "1000"
--------------------------------------------------------------------------------

20001001
--------------------------------------------------------------------------------
[           ->  *         ]  "*20001001"
[ *2        ->  2*        ]  "2*0001001"
[ *0        ->  0*        ]  "20*001001"
[ *0        ->  0*        ]  "200*01001"
[ *0        ->  0*        ]  "2000*1001"
[ *1        ->  1*        ]  "20001*001"
[ *0        ->  0*        ]  "200010*01"
[ *0        ->  0*        ]  "2000100*1"
[ *1        ->  1*        ]  "20001001*"
[ *         ->  #         ]  "20001001#"
[ 1#        ->. 0         ]  "20001000"
--------------------------------------------------------------------------------

100
--------------------------------------------------------------------------------
[           ->  *         ]  "*100"
[ *1        ->  1*        ]  "1*00"
[ *0        ->  0*        ]  "10*0"
[ *0        ->  0*        ]  "100*"
[ *         ->  #         ]  "100#"
[ 0#        ->  #2        ]  "10#2"
[ 0#        ->  #2        ]  "1#22"
[ 1#        ->. 0         ]  "022"
--------------------------------------------------------------------------------

100000
--------------------------------------------------------------------------------
[           ->  *         ]  "*100000"
[ *1        ->  1*        ]  "1*00000"
[ *0        ->  0*        ]  "10*0000"
[ *0        ->  0*        ]  "100*000"
[ *0        ->  0*        ]  "1000*00"
[ *0        ->  0*        ]  "10000*0"
[ *0        ->  0*        ]  "100000*"
[ *         ->  #         ]  "100000#"
[ 0#        ->  #2        ]  "10000#2"
[ 0#        ->  #2        ]  "1000#22"
[ 0#        ->  #2        ]  "100#222"
[ 0#        ->  #2        ]  "10#2222"
[ 0#        ->  #2        ]  "1#22222"
[ 1#        ->. 0         ]  "022222"
--------------------------------------------------------------------------------

212112
--------------------------------------------------------------------------------
[           ->  *         ]  "*212112"
[ *2        ->  2*        ]  "2*12112"
[ *1        ->  1*        ]  "21*2112"
[ *2        ->  2*        ]  "212*112"
[ *1        ->  1*        ]  "2121*12"
[ *1        ->  1*        ]  "21211*2"
[ *2        ->  2*        ]  "212112*"
[ *         ->  #         ]  "212112#"
[ 2#        ->. 1         ]  "212111"
--------------------------------------------------------------------------------

