nam: Sum2a.nam of Sat Oct 19 20:57:24 2019

   >0        ->  0>       
   >1        ->  1>       
   >+        ->  +>       
   >         ->  -        
   0-        ->  -1       
   1-        ->  <0       
   +-        ->  *        
   0<        ->  <0       
   1<        ->  <1       
   +<        ->  #+       
   0#        ->  1>       
   1#        ->  #0       
   #         ->  1>       
   *1        ->  *        
   *         ->.          
             ->  >        

101+101
--------------------------------------------------------------------------------
[           ->  >         ]  ">101+101"
[ >1        ->  1>        ]  "1>01+101"
[ >0        ->  0>        ]  "10>1+101"
[ >1        ->  1>        ]  "101>+101"
[ >+        ->  +>        ]  "101+>101"
[ >1        ->  1>        ]  "101+1>01"
[ >0        ->  0>        ]  "101+10>1"
[ >1        ->  1>        ]  "101+101>"
[ >         ->  -         ]  "101+101-"
[ 1-        ->  <0        ]  "101+10<0"
[ 0<        ->  <0        ]  "101+1<00"
[ 1<        ->  <1        ]  "101+<100"
[ +<        ->  #+        ]  "101#+100"
[ 1#        ->  #0        ]  "10#0+100"
[ 0#        ->  1>        ]  "11>0+100"
[ >0        ->  0>        ]  "110>+100"
[ >+        ->  +>        ]  "110+>100"
[ >1        ->  1>        ]  "110+1>00"
[ >0        ->  0>        ]  "110+10>0"
[ >0        ->  0>        ]  "110+100>"
[ >         ->  -         ]  "110+100-"
[ 0-        ->  -1        ]  "110+10-1"
[ 0-        ->  -1        ]  "110+1-11"
[ 1-        ->  <0        ]  "110+<011"
[ +<        ->  #+        ]  "110#+011"
[ 0#        ->  1>        ]  "111>+011"
[ >+        ->  +>        ]  "111+>011"
[ >0        ->  0>        ]  "111+0>11"
[ >1        ->  1>        ]  "111+01>1"
[ >1        ->  1>        ]  "111+011>"
[ >         ->  -         ]  "111+011-"
[ 1-        ->  <0        ]  "111+01<0"
[ 1<        ->  <1        ]  "111+0<10"
[ 0<        ->  <0        ]  "111+<010"
[ +<        ->  #+        ]  "111#+010"
[ 1#        ->  #0        ]  "11#0+010"
[ 1#        ->  #0        ]  "1#00+010"
[ 1#        ->  #0        ]  "#000+010"
[ #         ->  1>        ]  "1>000+010"
[ >0        ->  0>        ]  "10>00+010"
[ >0        ->  0>        ]  "100>0+010"
[ >0        ->  0>        ]  "1000>+010"
[ >+        ->  +>        ]  "1000+>010"
[ >0        ->  0>        ]  "1000+0>10"
[ >1        ->  1>        ]  "1000+01>0"
[ >0        ->  0>        ]  "1000+010>"
[ >         ->  -         ]  "1000+010-"
[ 0-        ->  -1        ]  "1000+01-1"
[ 1-        ->  <0        ]  "1000+0<01"
[ 0<        ->  <0        ]  "1000+<001"
[ +<        ->  #+        ]  "1000#+001"
[ 0#        ->  1>        ]  "1001>+001"
[ >+        ->  +>        ]  "1001+>001"
[ >0        ->  0>        ]  "1001+0>01"
[ >0        ->  0>        ]  "1001+00>1"
[ >1        ->  1>        ]  "1001+001>"
[ >         ->  -         ]  "1001+001-"
[ 1-        ->  <0        ]  "1001+00<0"
[ 0<        ->  <0        ]  "1001+0<00"
[ 0<        ->  <0        ]  "1001+<000"
[ +<        ->  #+        ]  "1001#+000"
[ 1#        ->  #0        ]  "100#0+000"
[ 0#        ->  1>        ]  "101>0+000"
[ >0        ->  0>        ]  "1010>+000"
[ >+        ->  +>        ]  "1010+>000"
[ >0        ->  0>        ]  "1010+0>00"
[ >0        ->  0>        ]  "1010+00>0"
[ >0        ->  0>        ]  "1010+000>"
[ >         ->  -         ]  "1010+000-"
[ 0-        ->  -1        ]  "1010+00-1"
[ 0-        ->  -1        ]  "1010+0-11"
[ 0-        ->  -1        ]  "1010+-111"
[ +-        ->  *         ]  "1010*111"
[ *1        ->  *         ]  "1010*11"
[ *1        ->  *         ]  "1010*1"
[ *1        ->  *         ]  "1010*"
[ *         ->.           ]  "1010"
--------------------------------------------------------------------------------

100001+10
--------------------------------------------------------------------------------
[           ->  >         ]  ">100001+10"
[ >1        ->  1>        ]  "1>00001+10"
[ >0        ->  0>        ]  "10>0001+10"
[ >0        ->  0>        ]  "100>001+10"
[ >0        ->  0>        ]  "1000>01+10"
[ >0        ->  0>        ]  "10000>1+10"
[ >1        ->  1>        ]  "100001>+10"
[ >+        ->  +>        ]  "100001+>10"
[ >1        ->  1>        ]  "100001+1>0"
[ >0        ->  0>        ]  "100001+10>"
[ >         ->  -         ]  "100001+10-"
[ 0-        ->  -1        ]  "100001+1-1"
[ 1-        ->  <0        ]  "100001+<01"
[ +<        ->  #+        ]  "100001#+01"
[ 1#        ->  #0        ]  "10000#0+01"
[ 0#        ->  1>        ]  "10001>0+01"
[ >0        ->  0>        ]  "100010>+01"
[ >+        ->  +>        ]  "100010+>01"
[ >0        ->  0>        ]  "100010+0>1"
[ >1        ->  1>        ]  "100010+01>"
[ >         ->  -         ]  "100010+01-"
[ 1-        ->  <0        ]  "100010+0<0"
[ 0<        ->  <0        ]  "100010+<00"
[ +<        ->  #+        ]  "100010#+00"
[ 0#        ->  1>        ]  "100011>+00"
[ >+        ->  +>        ]  "100011+>00"
[ >0        ->  0>        ]  "100011+0>0"
[ >0        ->  0>        ]  "100011+00>"
[ >         ->  -         ]  "100011+00-"
[ 0-        ->  -1        ]  "100011+0-1"
[ 0-        ->  -1        ]  "100011+-11"
[ +-        ->  *         ]  "100011*11"
[ *1        ->  *         ]  "100011*1"
[ *1        ->  *         ]  "100011*"
[ *         ->.           ]  "100011"
--------------------------------------------------------------------------------

