nam: Sum2m.nam of Sat Oct 19 21:01:30 2019

   >A        ->  A>       
   >         ->  -        
   0-        ->  -1       
   1-        ->  <0       
   +-        ->  *        
   0<        ->  <0       
   1<        ->  <1       
   +<        ->  #+       
   0#        ->  1>       
   1#        ->  #0       
   #         ->  1>       
   *A        ->  *        
   *         ->.          
             ->  >        

111+111
--------------------------------------------------------------------------------
[           ->  >         ]  ">111+111"
[ >A        ->  A>        ]  "1>11+111"
[ >A        ->  A>        ]  "11>1+111"
[ >A        ->  A>        ]  "111>+111"
[ >A        ->  A>        ]  "111+>111"
[ >A        ->  A>        ]  "111+1>11"
[ >A        ->  A>        ]  "111+11>1"
[ >A        ->  A>        ]  "111+111>"
[ >         ->  -         ]  "111+111-"
[ 1-        ->  <0        ]  "111+11<0"
[ 1<        ->  <1        ]  "111+1<10"
[ 1<        ->  <1        ]  "111+<110"
[ +<        ->  #+        ]  "111#+110"
[ 1#        ->  #0        ]  "11#0+110"
[ 1#        ->  #0        ]  "1#00+110"
[ 1#        ->  #0        ]  "#000+110"
[ #         ->  1>        ]  "1>000+110"
[ >A        ->  A>        ]  "10>00+110"
[ >A        ->  A>        ]  "100>0+110"
[ >A        ->  A>        ]  "1000>+110"
[ >A        ->  A>        ]  "1000+>110"
[ >A        ->  A>        ]  "1000+1>10"
[ >A        ->  A>        ]  "1000+11>0"
[ >A        ->  A>        ]  "1000+110>"
[ >         ->  -         ]  "1000+110-"
[ 0-        ->  -1        ]  "1000+11-1"
[ 1-        ->  <0        ]  "1000+1<01"
[ 1<        ->  <1        ]  "1000+<101"
[ +<        ->  #+        ]  "1000#+101"
[ 0#        ->  1>        ]  "1001>+101"
[ >A        ->  A>        ]  "1001+>101"
[ >A        ->  A>        ]  "1001+1>01"
[ >A        ->  A>        ]  "1001+10>1"
[ >A        ->  A>        ]  "1001+101>"
[ >         ->  -         ]  "1001+101-"
[ 1-        ->  <0        ]  "1001+10<0"
[ 0<        ->  <0        ]  "1001+1<00"
[ 1<        ->  <1        ]  "1001+<100"
[ +<        ->  #+        ]  "1001#+100"
[ 1#        ->  #0        ]  "100#0+100"
[ 0#        ->  1>        ]  "101>0+100"
[ >A        ->  A>        ]  "1010>+100"
[ >A        ->  A>        ]  "1010+>100"
[ >A        ->  A>        ]  "1010+1>00"
[ >A        ->  A>        ]  "1010+10>0"
[ >A        ->  A>        ]  "1010+100>"
[ >         ->  -         ]  "1010+100-"
[ 0-        ->  -1        ]  "1010+10-1"
[ 0-        ->  -1        ]  "1010+1-11"
[ 1-        ->  <0        ]  "1010+<011"
[ +<        ->  #+        ]  "1010#+011"
[ 0#        ->  1>        ]  "1011>+011"
[ >A        ->  A>        ]  "1011+>011"
[ >A        ->  A>        ]  "1011+0>11"
[ >A        ->  A>        ]  "1011+01>1"
[ >A        ->  A>        ]  "1011+011>"
[ >         ->  -         ]  "1011+011-"
[ 1-        ->  <0        ]  "1011+01<0"
[ 1<        ->  <1        ]  "1011+0<10"
[ 0<        ->  <0        ]  "1011+<010"
[ +<        ->  #+        ]  "1011#+010"
[ 1#        ->  #0        ]  "101#0+010"
[ 1#        ->  #0        ]  "10#00+010"
[ 0#        ->  1>        ]  "11>00+010"
[ >A        ->  A>        ]  "110>0+010"
[ >A        ->  A>        ]  "1100>+010"
[ >A        ->  A>        ]  "1100+>010"
[ >A        ->  A>        ]  "1100+0>10"
[ >A        ->  A>        ]  "1100+01>0"
[ >A        ->  A>        ]  "1100+010>"
[ >         ->  -         ]  "1100+010-"
[ 0-        ->  -1        ]  "1100+01-1"
[ 1-        ->  <0        ]  "1100+0<01"
[ 0<        ->  <0        ]  "1100+<001"
[ +<        ->  #+        ]  "1100#+001"
[ 0#        ->  1>        ]  "1101>+001"
[ >A        ->  A>        ]  "1101+>001"
[ >A        ->  A>        ]  "1101+0>01"
[ >A        ->  A>        ]  "1101+00>1"
[ >A        ->  A>        ]  "1101+001>"
[ >         ->  -         ]  "1101+001-"
[ 1-        ->  <0        ]  "1101+00<0"
[ 0<        ->  <0        ]  "1101+0<00"
[ 0<        ->  <0        ]  "1101+<000"
[ +<        ->  #+        ]  "1101#+000"
[ 1#        ->  #0        ]  "110#0+000"
[ 0#        ->  1>        ]  "111>0+000"
[ >A        ->  A>        ]  "1110>+000"
[ >A        ->  A>        ]  "1110+>000"
[ >A        ->  A>        ]  "1110+0>00"
[ >A        ->  A>        ]  "1110+00>0"
[ >A        ->  A>        ]  "1110+000>"
[ >         ->  -         ]  "1110+000-"
[ 0-        ->  -1        ]  "1110+00-1"
[ 0-        ->  -1        ]  "1110+0-11"
[ 0-        ->  -1        ]  "1110+-111"
[ +-        ->  *         ]  "1110*111"
[ *A        ->  *         ]  "1110*11"
[ *A        ->  *         ]  "1110*1"
[ *A        ->  *         ]  "1110*"
[ *         ->.           ]  "1110"
--------------------------------------------------------------------------------

100+11
--------------------------------------------------------------------------------
[           ->  >         ]  ">100+11"
[ >A        ->  A>        ]  "1>00+11"
[ >A        ->  A>        ]  "10>0+11"
[ >A        ->  A>        ]  "100>+11"
[ >A        ->  A>        ]  "100+>11"
[ >A        ->  A>        ]  "100+1>1"
[ >A        ->  A>        ]  "100+11>"
[ >         ->  -         ]  "100+11-"
[ 1-        ->  <0        ]  "100+1<0"
[ 1<        ->  <1        ]  "100+<10"
[ +<        ->  #+        ]  "100#+10"
[ 0#        ->  1>        ]  "101>+10"
[ >A        ->  A>        ]  "101+>10"
[ >A        ->  A>        ]  "101+1>0"
[ >A        ->  A>        ]  "101+10>"
[ >         ->  -         ]  "101+10-"
[ 0-        ->  -1        ]  "101+1-1"
[ 1-        ->  <0        ]  "101+<01"
[ +<        ->  #+        ]  "101#+01"
[ 1#        ->  #0        ]  "10#0+01"
[ 0#        ->  1>        ]  "11>0+01"
[ >A        ->  A>        ]  "110>+01"
[ >A        ->  A>        ]  "110+>01"
[ >A        ->  A>        ]  "110+0>1"
[ >A        ->  A>        ]  "110+01>"
[ >         ->  -         ]  "110+01-"
[ 1-        ->  <0        ]  "110+0<0"
[ 0<        ->  <0        ]  "110+<00"
[ +<        ->  #+        ]  "110#+00"
[ 0#        ->  1>        ]  "111>+00"
[ >A        ->  A>        ]  "111+>00"
[ >A        ->  A>        ]  "111+0>0"
[ >A        ->  A>        ]  "111+00>"
[ >         ->  -         ]  "111+00-"
[ 0-        ->  -1        ]  "111+0-1"
[ 0-        ->  -1        ]  "111+-11"
[ +-        ->  *         ]  "111*11"
[ *A        ->  *         ]  "111*1"
[ *A        ->  *         ]  "111*"
[ *         ->.           ]  "111"
--------------------------------------------------------------------------------

